WARNING 2025-06-03 10:36:27,177 log 12760 13692 Bad Request: /api/evaluaciones/161/inscribir/
WARNING 2025-06-03 10:45:43,521 log 12760 11288 Bad Request: /api/evaluaciones/162/inscribir/
WARNING 2025-06-03 11:58:30,154 log 12760 6424 Bad Request: /api/evaluaciones/163/inscribir/
WARNING 2025-06-03 12:04:23,571 log 12760 14700 Not Found: /api/evaluaciones/162/detalles/
WARNING 2025-06-03 12:07:06,608 log 12760 7632 Not Found: /api/evaluaciones/162/detalles/
WARNING 2025-06-03 12:07:56,575 log 12760 10196 Not Found: /api/evaluaciones/162/detalles/
WARNING 2025-06-03 12:10:02,253 log 12760 10868 Bad Request: /api/evaluaciones/164/inscribir/
WARNING 2025-06-03 12:12:28,619 log 12760 13484 Not Found: /api/evaluaciones/162/detalles/
WARNING 2025-06-03 12:25:58,569 log 12760 3752 Not Found: /api/evaluaciones/162/detalles/
WARNING 2025-06-03 12:27:55,565 log 12760 3752 Not Found: /api/evaluaciones/162/detalles/
WARNING 2025-06-03 12:28:24,618 log 12760 3752 Not Found: /api/evaluaciones/162/detalles/
WARNING 2025-06-03 12:28:53,589 log 12760 3752 Not Found: /api/evaluaciones/162/detalles/
WARNING 2025-06-03 12:32:28,582 log 12760 3752 Not Found: /api/evaluaciones/162/detalles/
WARNING 2025-06-03 12:46:42,573 log 12760 10820 Not Found: /api/evaluaciones/162/detalles/
WARNING 2025-06-03 12:47:41,057 log 12760 14960 Bad Request: /api/evaluaciones/165/inscribir/
WARNING 2025-06-03 13:14:09,719 log 12760 3956 Not Found: /api/evaluaciones/162/detalles/
WARNING 2025-06-03 13:21:24,760 log 12760 6404 Not Found: /api/evaluaciones/162/detalles/
WARNING 2025-06-03 13:21:51,668 log 12760 2604 Not Found: /api/evaluaciones/162/detalles/
WARNING 2025-06-03 13:22:13,561 log 12760 7452 Not Found: /api/evaluaciones/162/detalles/
WARNING 2025-06-03 13:22:53,961 log 12760 12488 Not Found: /api/evaluaciones/162/detalles/
WARNING 2025-06-03 13:32:11,809 log 12760 3548 Not Found: /api/evaluaciones/162/detalles/
WARNING 2025-06-03 13:34:12,183 log 12760 10752 Not Found: /api/evaluaciones/162/detalles/
WARNING 2025-06-03 13:39:07,136 log 12760 7768 Bad Request: /api/evaluaciones/166/inscribir/
WARNING 2025-06-03 13:50:26,058 log 3068 4184 Bad Request: /api/evaluaciones/167/inscribir/
WARNING 2025-06-03 14:31:59,841 log 6512 14840 Bad Request: /api/evaluaciones/168/inscribir/
WARNING 2025-06-03 14:55:25,423 log 1944 12440 Bad Request: /api/evaluaciones/169/inscribir/
WARNING 2025-06-03 15:10:49,940 log 8056 672 Bad Request: /api/evaluaciones/170/inscribir/
ERROR 2025-06-03 16:07:31,266 log 8056 8068 Internal Server Error: /api/evaluaciones/169/inscribir/
ERROR 2025-06-03 16:07:54,708 log 8056 9924 Internal Server Error: /api/evaluaciones/169/inscribir/
ERROR 2025-06-03 16:12:12,159 log 8056 6236 Internal Server Error: /api/evaluaciones/169/inscribir/
ERROR 2025-06-03 16:13:36,187 log 8056 9364 Internal Server Error: /api/evaluaciones/169/inscribir/
ERROR 2025-06-03 16:20:25,869 log 6220 9584 Internal Server Error: /api/evaluaciones/169/inscribir/
ERROR 2025-06-03 16:21:42,375 log 6220 14032 Internal Server Error: /api/evaluaciones/169/inscribir/
WARNING 2025-06-03 16:22:44,923 log 6220 2224 Bad Request: /api/evaluaciones/171/inscribir/
WARNING 2025-06-03 16:26:05,784 log 6220 12452 Bad Request: /api/evaluaciones/172/inscribir/
WARNING 2025-06-03 21:15:41,586 log 14576 13952 Not Found: /favicon.ico
WARNING 2025-06-03 23:06:00,220 log 14576 12716 Unauthorized: /api/evaluaciones/
WARNING 2025-06-03 23:06:00,254 log 14576 12716 Unauthorized: /api/cursos/
WARNING 2025-06-03 23:50:44,591 log 14576 16244 Unauthorized: /api/language-selector-config/
WARNING 2025-06-03 23:50:58,743 log 14576 16244 Unauthorized: /api/language-selector-config/
WARNING 2025-06-04 12:22:33,111 log 16272 10152 Unauthorized: /api/language-selector-config/
WARNING 2025-06-04 15:37:21,190 log 16272 8564 Not Found: /favicon.ico
WARNING 2025-06-04 15:37:57,934 log 16272 8564 Unauthorized: /api/manage-students/reportes/asistencia/
WARNING 2025-06-04 15:38:59,512 log 16272 7348 Unauthorized: /api/manage-students/reportes/asistencia/
WARNING 2025-06-04 15:39:24,253 log 16272 7348 Bad Request: /api/manage-students/reportes/asistencia/
WARNING 2025-06-04 15:41:17,204 log 16272 11076 Bad Request: /api/manage-students/reportes/asistencia/
WARNING 2025-06-04 15:41:29,809 log 16272 11076 Bad Request: /api/manage-students/reportes/asistencia/
WARNING 2025-06-04 15:41:41,660 log 16272 11076 Bad Request: /api/manage-students/reportes/asistencia/
WARNING 2025-06-09 11:47:33,026 log 7200 10932 Unauthorized: /api/ejercicios/
WARNING 2025-06-09 11:48:44,882 log 7200 9724 Not Found: /api/evaluaciones/172/detalles/
ERROR 2025-06-09 11:48:44,887 log 7200 10008 Internal Server Error: /api/evaluaciones/172/inscribir/
WARNING 2025-06-09 11:49:05,953 log 7200 9724 Unauthorized: /api/language-selector-config/
WARNING 2025-07-01 22:19:59,451 log 8560 9460 Bad Request: /api/evaluaciones/173/inscribir/
WARNING 2025-07-11 03:57:50,249 log 15731 134222389966528 Not Found: /api/users/login/
WARNING 2025-07-11 03:58:26,459 log 15731 134222389966528 Not Found: /api/users/login/
WARNING 2025-07-11 03:58:26,571 log 15731 134222389966528 Not Found: /api/users/login/
WARNING 2025-07-11 04:00:36,211 log 15731 134222389966528 Unauthorized: /api/users/login/
WARNING 2025-07-11 04:00:36,242 log 15731 134222381573824 Unauthorized: /api/users/login/
